INFO:     Started server process [5489]
INFO:     Waiting for application startup.
INFO:     Application startup complete.
INFO:     Uvicorn running on http://127.0.0.1:8000 (Press CTRL+C to quit)
INFO:     127.0.0.1:33630 - "GET /users/ HTTP/1.1" 200 OK
INFO:     127.0.0.1:33646 - "GET /products/ HTTP/1.1" 200 OK
INFO:     127.0.0.1:33658 - "GET /dishes/ HTTP/1.1" 200 OK
INFO:     127.0.0.1:33660 - "GET /users/ HTTP/1.1" 200 OK
INFO:     127.0.0.1:33630 - "GET /products/ HTTP/1.1" 200 OK
INFO:     127.0.0.1:33646 - "GET /dishes/ HTTP/1.1" 200 OK
INFO:     127.0.0.1:33658 - "GET /logs/2026-02-09?user_id=1 HTTP/1.1" 200 OK
INFO:     127.0.0.1:33646 - "GET /products/ HTTP/1.1" 200 OK
INFO:     127.0.0.1:33658 - "GET /users/ HTTP/1.1" 200 OK
INFO:     127.0.0.1:33630 - "GET /dishes/ HTTP/1.1" 200 OK
INFO:     127.0.0.1:33646 - "GET /users/ HTTP/1.1" 200 OK
INFO:     127.0.0.1:33660 - "GET /products/ HTTP/1.1" 200 OK
INFO:     127.0.0.1:33658 - "GET /dishes/ HTTP/1.1" 200 OK
INFO:     127.0.0.1:33658 - "GET /logs/2026-02-09?user_id=1 HTTP/1.1" 200 OK
INFO:     127.0.0.1:33658 - "OPTIONS /users/ HTTP/1.1" 200 OK
INFO:     127.0.0.1:33660 - "POST /users/ HTTP/1.1" 200 OK
INFO:     127.0.0.1:33660 - "GET /logs/2026-02-09?user_id=2 HTTP/1.1" 200 OK
INFO:     127.0.0.1:33660 - "GET /products/ HTTP/1.1" 200 OK
INFO:     127.0.0.1:33658 - "GET /products/ HTTP/1.1" 200 OK
INFO:     127.0.0.1:33658 - "OPTIONS /products/ HTTP/1.1" 200 OK
INFO:     127.0.0.1:33660 - "POST /products/ HTTP/1.1" 200 OK
INFO:     127.0.0.1:33660 - "GET /products/ HTTP/1.1" 200 OK
INFO:     127.0.0.1:33660 - "GET /dishes/ HTTP/1.1" 200 OK
INFO:     127.0.0.1:33658 - "GET /products/ HTTP/1.1" 200 OK
INFO:     127.0.0.1:33660 - "GET /products/ HTTP/1.1" 200 OK
INFO:     127.0.0.1:33646 - "GET /dishes/ HTTP/1.1" 200 OK
INFO:     127.0.0.1:38918 - "GET /users/ HTTP/1.1" 200 OK
INFO:     127.0.0.1:38924 - "GET /products/ HTTP/1.1" 200 OK
INFO:     127.0.0.1:33418 - "GET /products/ HTTP/1.1" 200 OK
INFO:     127.0.0.1:33426 - "GET /dishes/ HTTP/1.1" 200 OK
INFO:     127.0.0.1:33412 - "GET /users/ HTTP/1.1" 200 OK
INFO:     127.0.0.1:33426 - "GET /users/ HTTP/1.1" 200 OK
INFO:     127.0.0.1:33418 - "GET /products/ HTTP/1.1" 200 OK
INFO:     127.0.0.1:33432 - "GET /dishes/ HTTP/1.1" 200 OK
INFO:     127.0.0.1:33432 - "GET /logs/2026-02-09?user_id=1 HTTP/1.1" 200 OK
INFO:     127.0.0.1:33432 - "OPTIONS /users/ HTTP/1.1" 200 OK
INFO:     127.0.0.1:33418 - "POST /users/ HTTP/1.1" 500 Internal Server Error
ERROR:    Exception in ASGI application
Traceback (most recent call last):
  File "/app/backend/venv/lib/python3.12/site-packages/sqlalchemy/engine/base.py", line 1967, in _exec_single_context
    self.dialect.do_execute(
  File "/app/backend/venv/lib/python3.12/site-packages/sqlalchemy/engine/default.py", line 952, in do_execute
    cursor.execute(statement, parameters)
sqlite3.IntegrityError: UNIQUE constraint failed: users.name

The above exception was the direct cause of the following exception:

Traceback (most recent call last):
  File "/app/backend/venv/lib/python3.12/site-packages/uvicorn/protocols/http/h11_impl.py", line 410, in run_asgi
    result = await app(  # type: ignore[func-returns-value]
             ^^^^^^^^^^^^^^^^^^^^^^^^^^^^^^^^^^^^^^^^^^^^^^
  File "/app/backend/venv/lib/python3.12/site-packages/uvicorn/middleware/proxy_headers.py", line 60, in __call__
    return await self.app(scope, receive, send)
           ^^^^^^^^^^^^^^^^^^^^^^^^^^^^^^^^^^^^
  File "/app/backend/venv/lib/python3.12/site-packages/fastapi/applications.py", line 1138, in __call__
    await super().__call__(scope, receive, send)
  File "/app/backend/venv/lib/python3.12/site-packages/starlette/applications.py", line 107, in __call__
    await self.middleware_stack(scope, receive, send)
  File "/app/backend/venv/lib/python3.12/site-packages/starlette/middleware/errors.py", line 186, in __call__
    raise exc
  File "/app/backend/venv/lib/python3.12/site-packages/starlette/middleware/errors.py", line 164, in __call__
    await self.app(scope, receive, _send)
  File "/app/backend/venv/lib/python3.12/site-packages/starlette/middleware/cors.py", line 95, in __call__
    await self.simple_response(scope, receive, send, request_headers=headers)
  File "/app/backend/venv/lib/python3.12/site-packages/starlette/middleware/cors.py", line 153, in simple_response
    await self.app(scope, receive, send)
  File "/app/backend/venv/lib/python3.12/site-packages/starlette/middleware/exceptions.py", line 63, in __call__
    await wrap_app_handling_exceptions(self.app, conn)(scope, receive, send)
  File "/app/backend/venv/lib/python3.12/site-packages/starlette/_exception_handler.py", line 53, in wrapped_app
    raise exc
  File "/app/backend/venv/lib/python3.12/site-packages/starlette/_exception_handler.py", line 42, in wrapped_app
    await app(scope, receive, sender)
  File "/app/backend/venv/lib/python3.12/site-packages/fastapi/middleware/asyncexitstack.py", line 18, in __call__
    await self.app(scope, receive, send)
  File "/app/backend/venv/lib/python3.12/site-packages/starlette/routing.py", line 716, in __call__
    await self.middleware_stack(scope, receive, send)
  File "/app/backend/venv/lib/python3.12/site-packages/starlette/routing.py", line 736, in app
    await route.handle(scope, receive, send)
  File "/app/backend/venv/lib/python3.12/site-packages/starlette/routing.py", line 290, in handle
    await self.app(scope, receive, send)
  File "/app/backend/venv/lib/python3.12/site-packages/fastapi/routing.py", line 121, in app
    await wrap_app_handling_exceptions(app, request)(scope, receive, send)
  File "/app/backend/venv/lib/python3.12/site-packages/starlette/_exception_handler.py", line 53, in wrapped_app
    raise exc
  File "/app/backend/venv/lib/python3.12/site-packages/starlette/_exception_handler.py", line 42, in wrapped_app
    await app(scope, receive, sender)
  File "/app/backend/venv/lib/python3.12/site-packages/fastapi/routing.py", line 107, in app
    response = await f(request)
               ^^^^^^^^^^^^^^^^
  File "/app/backend/venv/lib/python3.12/site-packages/fastapi/routing.py", line 426, in app
    raw_response = await run_endpoint_function(
                   ^^^^^^^^^^^^^^^^^^^^^^^^^^^^
  File "/app/backend/venv/lib/python3.12/site-packages/fastapi/routing.py", line 316, in run_endpoint_function
    return await run_in_threadpool(dependant.call, **values)
           ^^^^^^^^^^^^^^^^^^^^^^^^^^^^^^^^^^^^^^^^^^^^^^^^^
  File "/app/backend/venv/lib/python3.12/site-packages/starlette/concurrency.py", line 32, in run_in_threadpool
    return await anyio.to_thread.run_sync(func)
           ^^^^^^^^^^^^^^^^^^^^^^^^^^^^^^^^^^^^
  File "/app/backend/venv/lib/python3.12/site-packages/anyio/to_thread.py", line 63, in run_sync
    return await get_async_backend().run_sync_in_worker_thread(
           ^^^^^^^^^^^^^^^^^^^^^^^^^^^^^^^^^^^^^^^^^^^^^^^^^^^^
  File "/app/backend/venv/lib/python3.12/site-packages/anyio/_backends/_asyncio.py", line 2502, in run_sync_in_worker_thread
    return await future
           ^^^^^^^^^^^^
  File "/app/backend/venv/lib/python3.12/site-packages/anyio/_backends/_asyncio.py", line 986, in run
    result = context.run(func, *args)
             ^^^^^^^^^^^^^^^^^^^^^^^^
  File "/app/backend/main.py", line 71, in create_user
    return crud.create_user(db=db, user=user)
           ^^^^^^^^^^^^^^^^^^^^^^^^^^^^^^^^^^
  File "/app/backend/crud.py", line 12, in create_user
    db.commit()
  File "/app/backend/venv/lib/python3.12/site-packages/sqlalchemy/orm/session.py", line 2030, in commit
    trans.commit(_to_root=True)
  File "<string>", line 2, in commit
  File "/app/backend/venv/lib/python3.12/site-packages/sqlalchemy/orm/state_changes.py", line 137, in _go
    ret_value = fn(self, *arg, **kw)
                ^^^^^^^^^^^^^^^^^^^^
  File "/app/backend/venv/lib/python3.12/site-packages/sqlalchemy/orm/session.py", line 1311, in commit
    self._prepare_impl()
  File "<string>", line 2, in _prepare_impl
  File "/app/backend/venv/lib/python3.12/site-packages/sqlalchemy/orm/state_changes.py", line 137, in _go
    ret_value = fn(self, *arg, **kw)
                ^^^^^^^^^^^^^^^^^^^^
  File "/app/backend/venv/lib/python3.12/site-packages/sqlalchemy/orm/session.py", line 1286, in _prepare_impl
    self.session.flush()
  File "/app/backend/venv/lib/python3.12/site-packages/sqlalchemy/orm/session.py", line 4331, in flush
    self._flush(objects)
  File "/app/backend/venv/lib/python3.12/site-packages/sqlalchemy/orm/session.py", line 4466, in _flush
    with util.safe_reraise():
         ^^^^^^^^^^^^^^^^^^^
  File "/app/backend/venv/lib/python3.12/site-packages/sqlalchemy/util/langhelpers.py", line 224, in __exit__
    raise exc_value.with_traceback(exc_tb)
  File "/app/backend/venv/lib/python3.12/site-packages/sqlalchemy/orm/session.py", line 4427, in _flush
    flush_context.execute()
  File "/app/backend/venv/lib/python3.12/site-packages/sqlalchemy/orm/unitofwork.py", line 466, in execute
    rec.execute(self)
  File "/app/backend/venv/lib/python3.12/site-packages/sqlalchemy/orm/unitofwork.py", line 642, in execute
    util.preloaded.orm_persistence.save_obj(
  File "/app/backend/venv/lib/python3.12/site-packages/sqlalchemy/orm/persistence.py", line 93, in save_obj
    _emit_insert_statements(
  File "/app/backend/venv/lib/python3.12/site-packages/sqlalchemy/orm/persistence.py", line 1233, in _emit_insert_statements
    result = connection.execute(
             ^^^^^^^^^^^^^^^^^^^
  File "/app/backend/venv/lib/python3.12/site-packages/sqlalchemy/engine/base.py", line 1419, in execute
    return meth(
           ^^^^^
  File "/app/backend/venv/lib/python3.12/site-packages/sqlalchemy/sql/elements.py", line 527, in _execute_on_connection
    return connection._execute_clauseelement(
           ^^^^^^^^^^^^^^^^^^^^^^^^^^^^^^^^^^
  File "/app/backend/venv/lib/python3.12/site-packages/sqlalchemy/engine/base.py", line 1641, in _execute_clauseelement
    ret = self._execute_context(
          ^^^^^^^^^^^^^^^^^^^^^^
  File "/app/backend/venv/lib/python3.12/site-packages/sqlalchemy/engine/base.py", line 1846, in _execute_context
    return self._exec_single_context(
           ^^^^^^^^^^^^^^^^^^^^^^^^^^
  File "/app/backend/venv/lib/python3.12/site-packages/sqlalchemy/engine/base.py", line 1986, in _exec_single_context
    self._handle_dbapi_exception(
  File "/app/backend/venv/lib/python3.12/site-packages/sqlalchemy/engine/base.py", line 2363, in _handle_dbapi_exception
    raise sqlalchemy_exception.with_traceback(exc_info[2]) from e
  File "/app/backend/venv/lib/python3.12/site-packages/sqlalchemy/engine/base.py", line 1967, in _exec_single_context
    self.dialect.do_execute(
  File "/app/backend/venv/lib/python3.12/site-packages/sqlalchemy/engine/default.py", line 952, in do_execute
    cursor.execute(statement, parameters)
sqlalchemy.exc.IntegrityError: (sqlite3.IntegrityError) UNIQUE constraint failed: users.name
[SQL: INSERT INTO users (name) VALUES (?)]
[parameters: ('Jules',)]
(Background on this error at: https://sqlalche.me/e/20/gkpj)
INFO:     127.0.0.1:33432 - "GET /products/ HTTP/1.1" 200 OK
INFO:     127.0.0.1:33426 - "GET /products/ HTTP/1.1" 200 OK
INFO:     127.0.0.1:33426 - "OPTIONS /products/ HTTP/1.1" 200 OK
INFO:     127.0.0.1:33432 - "POST /products/ HTTP/1.1" 200 OK
INFO:     127.0.0.1:33432 - "GET /products/ HTTP/1.1" 200 OK
INFO:     127.0.0.1:33426 - "GET /products/ HTTP/1.1" 200 OK
INFO:     127.0.0.1:33432 - "GET /dishes/ HTTP/1.1" 200 OK
INFO:     127.0.0.1:33412 - "GET /products/ HTTP/1.1" 200 OK
INFO:     127.0.0.1:33426 - "GET /dishes/ HTTP/1.1" 200 OK
INFO:     127.0.0.1:33426 - "OPTIONS /dishes/ HTTP/1.1" 200 OK
INFO:     127.0.0.1:33412 - "POST /dishes/ HTTP/1.1" 200 OK
INFO:     127.0.0.1:33432 - "GET /products/ HTTP/1.1" 200 OK
INFO:     127.0.0.1:33426 - "GET /dishes/ HTTP/1.1" 200 OK
INFO:     127.0.0.1:33412 - "GET /users/ HTTP/1.1" 200 OK
INFO:     127.0.0.1:33426 - "GET /users/ HTTP/1.1" 200 OK
INFO:     127.0.0.1:33432 - "GET /dishes/ HTTP/1.1" 200 OK
INFO:     127.0.0.1:33440 - "GET /products/ HTTP/1.1" 200 OK
INFO:     127.0.0.1:33440 - "GET /dishes/ HTTP/1.1" 200 OK
INFO:     127.0.0.1:33440 - "GET /logs/2026-02-09?user_id=1 HTTP/1.1" 200 OK
INFO:     127.0.0.1:34818 - "GET /users/ HTTP/1.1" 200 OK
INFO:     127.0.0.1:34832 - "GET /dishes/ HTTP/1.1" 200 OK
INFO:     127.0.0.1:34820 - "GET /products/ HTTP/1.1" 200 OK
INFO:     127.0.0.1:34832 - "GET /products/ HTTP/1.1" 200 OK
INFO:     127.0.0.1:34818 - "GET /dishes/ HTTP/1.1" 200 OK
INFO:     127.0.0.1:34842 - "GET /users/ HTTP/1.1" 200 OK
INFO:     127.0.0.1:34820 - "GET /logs/2026-02-09?user_id=1 HTTP/1.1" 200 OK
INFO:     127.0.0.1:34820 - "OPTIONS /users/ HTTP/1.1" 200 OK
INFO:     127.0.0.1:34842 - "POST /users/ HTTP/1.1" 500 Internal Server Error
ERROR:    Exception in ASGI application
Traceback (most recent call last):
  File "/app/backend/venv/lib/python3.12/site-packages/sqlalchemy/engine/base.py", line 1967, in _exec_single_context
    self.dialect.do_execute(
  File "/app/backend/venv/lib/python3.12/site-packages/sqlalchemy/engine/default.py", line 952, in do_execute
    cursor.execute(statement, parameters)
sqlite3.IntegrityError: UNIQUE constraint failed: users.name

The above exception was the direct cause of the following exception:

Traceback (most recent call last):
  File "/app/backend/venv/lib/python3.12/site-packages/uvicorn/protocols/http/h11_impl.py", line 410, in run_asgi
    result = await app(  # type: ignore[func-returns-value]
             ^^^^^^^^^^^^^^^^^^^^^^^^^^^^^^^^^^^^^^^^^^^^^^
  File "/app/backend/venv/lib/python3.12/site-packages/uvicorn/middleware/proxy_headers.py", line 60, in __call__
    return await self.app(scope, receive, send)
           ^^^^^^^^^^^^^^^^^^^^^^^^^^^^^^^^^^^^
  File "/app/backend/venv/lib/python3.12/site-packages/fastapi/applications.py", line 1138, in __call__
    await super().__call__(scope, receive, send)
  File "/app/backend/venv/lib/python3.12/site-packages/starlette/applications.py", line 107, in __call__
    await self.middleware_stack(scope, receive, send)
  File "/app/backend/venv/lib/python3.12/site-packages/starlette/middleware/errors.py", line 186, in __call__
    raise exc
  File "/app/backend/venv/lib/python3.12/site-packages/starlette/middleware/errors.py", line 164, in __call__
    await self.app(scope, receive, _send)
  File "/app/backend/venv/lib/python3.12/site-packages/starlette/middleware/cors.py", line 95, in __call__
    await self.simple_response(scope, receive, send, request_headers=headers)
  File "/app/backend/venv/lib/python3.12/site-packages/starlette/middleware/cors.py", line 153, in simple_response
    await self.app(scope, receive, send)
  File "/app/backend/venv/lib/python3.12/site-packages/starlette/middleware/exceptions.py", line 63, in __call__
    await wrap_app_handling_exceptions(self.app, conn)(scope, receive, send)
  File "/app/backend/venv/lib/python3.12/site-packages/starlette/_exception_handler.py", line 53, in wrapped_app
    raise exc
  File "/app/backend/venv/lib/python3.12/site-packages/starlette/_exception_handler.py", line 42, in wrapped_app
    await app(scope, receive, sender)
  File "/app/backend/venv/lib/python3.12/site-packages/fastapi/middleware/asyncexitstack.py", line 18, in __call__
    await self.app(scope, receive, send)
  File "/app/backend/venv/lib/python3.12/site-packages/starlette/routing.py", line 716, in __call__
    await self.middleware_stack(scope, receive, send)
  File "/app/backend/venv/lib/python3.12/site-packages/starlette/routing.py", line 736, in app
    await route.handle(scope, receive, send)
  File "/app/backend/venv/lib/python3.12/site-packages/starlette/routing.py", line 290, in handle
    await self.app(scope, receive, send)
  File "/app/backend/venv/lib/python3.12/site-packages/fastapi/routing.py", line 121, in app
    await wrap_app_handling_exceptions(app, request)(scope, receive, send)
  File "/app/backend/venv/lib/python3.12/site-packages/starlette/_exception_handler.py", line 53, in wrapped_app
    raise exc
  File "/app/backend/venv/lib/python3.12/site-packages/starlette/_exception_handler.py", line 42, in wrapped_app
    await app(scope, receive, sender)
  File "/app/backend/venv/lib/python3.12/site-packages/fastapi/routing.py", line 107, in app
    response = await f(request)
               ^^^^^^^^^^^^^^^^
  File "/app/backend/venv/lib/python3.12/site-packages/fastapi/routing.py", line 426, in app
    raw_response = await run_endpoint_function(
                   ^^^^^^^^^^^^^^^^^^^^^^^^^^^^
  File "/app/backend/venv/lib/python3.12/site-packages/fastapi/routing.py", line 316, in run_endpoint_function
    return await run_in_threadpool(dependant.call, **values)
           ^^^^^^^^^^^^^^^^^^^^^^^^^^^^^^^^^^^^^^^^^^^^^^^^^
  File "/app/backend/venv/lib/python3.12/site-packages/starlette/concurrency.py", line 32, in run_in_threadpool
    return await anyio.to_thread.run_sync(func)
           ^^^^^^^^^^^^^^^^^^^^^^^^^^^^^^^^^^^^
  File "/app/backend/venv/lib/python3.12/site-packages/anyio/to_thread.py", line 63, in run_sync
    return await get_async_backend().run_sync_in_worker_thread(
           ^^^^^^^^^^^^^^^^^^^^^^^^^^^^^^^^^^^^^^^^^^^^^^^^^^^^
  File "/app/backend/venv/lib/python3.12/site-packages/anyio/_backends/_asyncio.py", line 2502, in run_sync_in_worker_thread
    return await future
           ^^^^^^^^^^^^
  File "/app/backend/venv/lib/python3.12/site-packages/anyio/_backends/_asyncio.py", line 986, in run
    result = context.run(func, *args)
             ^^^^^^^^^^^^^^^^^^^^^^^^
  File "/app/backend/main.py", line 71, in create_user
    return crud.create_user(db=db, user=user)
           ^^^^^^^^^^^^^^^^^^^^^^^^^^^^^^^^^^
  File "/app/backend/crud.py", line 12, in create_user
    db.commit()
  File "/app/backend/venv/lib/python3.12/site-packages/sqlalchemy/orm/session.py", line 2030, in commit
    trans.commit(_to_root=True)
  File "<string>", line 2, in commit
  File "/app/backend/venv/lib/python3.12/site-packages/sqlalchemy/orm/state_changes.py", line 137, in _go
    ret_value = fn(self, *arg, **kw)
                ^^^^^^^^^^^^^^^^^^^^
  File "/app/backend/venv/lib/python3.12/site-packages/sqlalchemy/orm/session.py", line 1311, in commit
    self._prepare_impl()
  File "<string>", line 2, in _prepare_impl
  File "/app/backend/venv/lib/python3.12/site-packages/sqlalchemy/orm/state_changes.py", line 137, in _go
    ret_value = fn(self, *arg, **kw)
                ^^^^^^^^^^^^^^^^^^^^
  File "/app/backend/venv/lib/python3.12/site-packages/sqlalchemy/orm/session.py", line 1286, in _prepare_impl
    self.session.flush()
  File "/app/backend/venv/lib/python3.12/site-packages/sqlalchemy/orm/session.py", line 4331, in flush
    self._flush(objects)
  File "/app/backend/venv/lib/python3.12/site-packages/sqlalchemy/orm/session.py", line 4466, in _flush
    with util.safe_reraise():
         ^^^^^^^^^^^^^^^^^^^
  File "/app/backend/venv/lib/python3.12/site-packages/sqlalchemy/util/langhelpers.py", line 224, in __exit__
    raise exc_value.with_traceback(exc_tb)
  File "/app/backend/venv/lib/python3.12/site-packages/sqlalchemy/orm/session.py", line 4427, in _flush
    flush_context.execute()
  File "/app/backend/venv/lib/python3.12/site-packages/sqlalchemy/orm/unitofwork.py", line 466, in execute
    rec.execute(self)
  File "/app/backend/venv/lib/python3.12/site-packages/sqlalchemy/orm/unitofwork.py", line 642, in execute
    util.preloaded.orm_persistence.save_obj(
  File "/app/backend/venv/lib/python3.12/site-packages/sqlalchemy/orm/persistence.py", line 93, in save_obj
    _emit_insert_statements(
  File "/app/backend/venv/lib/python3.12/site-packages/sqlalchemy/orm/persistence.py", line 1233, in _emit_insert_statements
    result = connection.execute(
             ^^^^^^^^^^^^^^^^^^^
  File "/app/backend/venv/lib/python3.12/site-packages/sqlalchemy/engine/base.py", line 1419, in execute
    return meth(
           ^^^^^
  File "/app/backend/venv/lib/python3.12/site-packages/sqlalchemy/sql/elements.py", line 527, in _execute_on_connection
    return connection._execute_clauseelement(
           ^^^^^^^^^^^^^^^^^^^^^^^^^^^^^^^^^^
  File "/app/backend/venv/lib/python3.12/site-packages/sqlalchemy/engine/base.py", line 1641, in _execute_clauseelement
    ret = self._execute_context(
          ^^^^^^^^^^^^^^^^^^^^^^
  File "/app/backend/venv/lib/python3.12/site-packages/sqlalchemy/engine/base.py", line 1846, in _execute_context
    return self._exec_single_context(
           ^^^^^^^^^^^^^^^^^^^^^^^^^^
  File "/app/backend/venv/lib/python3.12/site-packages/sqlalchemy/engine/base.py", line 1986, in _exec_single_context
    self._handle_dbapi_exception(
  File "/app/backend/venv/lib/python3.12/site-packages/sqlalchemy/engine/base.py", line 2363, in _handle_dbapi_exception
    raise sqlalchemy_exception.with_traceback(exc_info[2]) from e
  File "/app/backend/venv/lib/python3.12/site-packages/sqlalchemy/engine/base.py", line 1967, in _exec_single_context
    self.dialect.do_execute(
  File "/app/backend/venv/lib/python3.12/site-packages/sqlalchemy/engine/default.py", line 952, in do_execute
    cursor.execute(statement, parameters)
sqlalchemy.exc.IntegrityError: (sqlite3.IntegrityError) UNIQUE constraint failed: users.name
[SQL: INSERT INTO users (name) VALUES (?)]
[parameters: ('Jules',)]
(Background on this error at: https://sqlalche.me/e/20/gkpj)
INFO:     127.0.0.1:34820 - "GET /products/ HTTP/1.1" 200 OK
INFO:     127.0.0.1:34818 - "GET /products/ HTTP/1.1" 200 OK
INFO:     127.0.0.1:34818 - "OPTIONS /products/ HTTP/1.1" 200 OK
INFO:     127.0.0.1:34820 - "POST /products/ HTTP/1.1" 200 OK
INFO:     127.0.0.1:34820 - "GET /products/ HTTP/1.1" 200 OK
INFO:     127.0.0.1:34820 - "GET /dishes/ HTTP/1.1" 200 OK
INFO:     127.0.0.1:34818 - "GET /products/ HTTP/1.1" 200 OK
INFO:     127.0.0.1:34832 - "GET /dishes/ HTTP/1.1" 200 OK
INFO:     127.0.0.1:34820 - "GET /products/ HTTP/1.1" 200 OK
INFO:     127.0.0.1:45696 - "GET /products/ HTTP/1.1" 200 OK
INFO:     127.0.0.1:45692 - "GET /users/ HTTP/1.1" 200 OK
INFO:     127.0.0.1:45700 - "GET /dishes/ HTTP/1.1" 200 OK
INFO:     127.0.0.1:45696 - "GET /users/ HTTP/1.1" 200 OK
INFO:     127.0.0.1:45706 - "GET /products/ HTTP/1.1" 200 OK
INFO:     127.0.0.1:45692 - "GET /dishes/ HTTP/1.1" 200 OK
INFO:     127.0.0.1:45692 - "GET /logs/2026-02-09?user_id=1 HTTP/1.1" 200 OK
INFO:     127.0.0.1:45692 - "OPTIONS /users/ HTTP/1.1" 200 OK
INFO:     127.0.0.1:45706 - "POST /users/ HTTP/1.1" 500 Internal Server Error
ERROR:    Exception in ASGI application
Traceback (most recent call last):
  File "/app/backend/venv/lib/python3.12/site-packages/sqlalchemy/engine/base.py", line 1967, in _exec_single_context
    self.dialect.do_execute(
  File "/app/backend/venv/lib/python3.12/site-packages/sqlalchemy/engine/default.py", line 952, in do_execute
    cursor.execute(statement, parameters)
sqlite3.IntegrityError: UNIQUE constraint failed: users.name

The above exception was the direct cause of the following exception:

Traceback (most recent call last):
  File "/app/backend/venv/lib/python3.12/site-packages/uvicorn/protocols/http/h11_impl.py", line 410, in run_asgi
    result = await app(  # type: ignore[func-returns-value]
             ^^^^^^^^^^^^^^^^^^^^^^^^^^^^^^^^^^^^^^^^^^^^^^
  File "/app/backend/venv/lib/python3.12/site-packages/uvicorn/middleware/proxy_headers.py", line 60, in __call__
    return await self.app(scope, receive, send)
           ^^^^^^^^^^^^^^^^^^^^^^^^^^^^^^^^^^^^
  File "/app/backend/venv/lib/python3.12/site-packages/fastapi/applications.py", line 1138, in __call__
    await super().__call__(scope, receive, send)
  File "/app/backend/venv/lib/python3.12/site-packages/starlette/applications.py", line 107, in __call__
    await self.middleware_stack(scope, receive, send)
  File "/app/backend/venv/lib/python3.12/site-packages/starlette/middleware/errors.py", line 186, in __call__
    raise exc
  File "/app/backend/venv/lib/python3.12/site-packages/starlette/middleware/errors.py", line 164, in __call__
    await self.app(scope, receive, _send)
  File "/app/backend/venv/lib/python3.12/site-packages/starlette/middleware/cors.py", line 95, in __call__
    await self.simple_response(scope, receive, send, request_headers=headers)
  File "/app/backend/venv/lib/python3.12/site-packages/starlette/middleware/cors.py", line 153, in simple_response
    await self.app(scope, receive, send)
  File "/app/backend/venv/lib/python3.12/site-packages/starlette/middleware/exceptions.py", line 63, in __call__
    await wrap_app_handling_exceptions(self.app, conn)(scope, receive, send)
  File "/app/backend/venv/lib/python3.12/site-packages/starlette/_exception_handler.py", line 53, in wrapped_app
    raise exc
  File "/app/backend/venv/lib/python3.12/site-packages/starlette/_exception_handler.py", line 42, in wrapped_app
    await app(scope, receive, sender)
  File "/app/backend/venv/lib/python3.12/site-packages/fastapi/middleware/asyncexitstack.py", line 18, in __call__
    await self.app(scope, receive, send)
  File "/app/backend/venv/lib/python3.12/site-packages/starlette/routing.py", line 716, in __call__
    await self.middleware_stack(scope, receive, send)
  File "/app/backend/venv/lib/python3.12/site-packages/starlette/routing.py", line 736, in app
    await route.handle(scope, receive, send)
  File "/app/backend/venv/lib/python3.12/site-packages/starlette/routing.py", line 290, in handle
    await self.app(scope, receive, send)
  File "/app/backend/venv/lib/python3.12/site-packages/fastapi/routing.py", line 121, in app
    await wrap_app_handling_exceptions(app, request)(scope, receive, send)
  File "/app/backend/venv/lib/python3.12/site-packages/starlette/_exception_handler.py", line 53, in wrapped_app
    raise exc
  File "/app/backend/venv/lib/python3.12/site-packages/starlette/_exception_handler.py", line 42, in wrapped_app
    await app(scope, receive, sender)
  File "/app/backend/venv/lib/python3.12/site-packages/fastapi/routing.py", line 107, in app
    response = await f(request)
               ^^^^^^^^^^^^^^^^
  File "/app/backend/venv/lib/python3.12/site-packages/fastapi/routing.py", line 426, in app
    raw_response = await run_endpoint_function(
                   ^^^^^^^^^^^^^^^^^^^^^^^^^^^^
  File "/app/backend/venv/lib/python3.12/site-packages/fastapi/routing.py", line 316, in run_endpoint_function
    return await run_in_threadpool(dependant.call, **values)
           ^^^^^^^^^^^^^^^^^^^^^^^^^^^^^^^^^^^^^^^^^^^^^^^^^
  File "/app/backend/venv/lib/python3.12/site-packages/starlette/concurrency.py", line 32, in run_in_threadpool
    return await anyio.to_thread.run_sync(func)
           ^^^^^^^^^^^^^^^^^^^^^^^^^^^^^^^^^^^^
  File "/app/backend/venv/lib/python3.12/site-packages/anyio/to_thread.py", line 63, in run_sync
    return await get_async_backend().run_sync_in_worker_thread(
           ^^^^^^^^^^^^^^^^^^^^^^^^^^^^^^^^^^^^^^^^^^^^^^^^^^^^
  File "/app/backend/venv/lib/python3.12/site-packages/anyio/_backends/_asyncio.py", line 2502, in run_sync_in_worker_thread
    return await future
           ^^^^^^^^^^^^
  File "/app/backend/venv/lib/python3.12/site-packages/anyio/_backends/_asyncio.py", line 986, in run
    result = context.run(func, *args)
             ^^^^^^^^^^^^^^^^^^^^^^^^
  File "/app/backend/main.py", line 71, in create_user
    return crud.create_user(db=db, user=user)
           ^^^^^^^^^^^^^^^^^^^^^^^^^^^^^^^^^^
  File "/app/backend/crud.py", line 12, in create_user
    db.commit()
  File "/app/backend/venv/lib/python3.12/site-packages/sqlalchemy/orm/session.py", line 2030, in commit
    trans.commit(_to_root=True)
  File "<string>", line 2, in commit
  File "/app/backend/venv/lib/python3.12/site-packages/sqlalchemy/orm/state_changes.py", line 137, in _go
    ret_value = fn(self, *arg, **kw)
                ^^^^^^^^^^^^^^^^^^^^
  File "/app/backend/venv/lib/python3.12/site-packages/sqlalchemy/orm/session.py", line 1311, in commit
    self._prepare_impl()
  File "<string>", line 2, in _prepare_impl
  File "/app/backend/venv/lib/python3.12/site-packages/sqlalchemy/orm/state_changes.py", line 137, in _go
    ret_value = fn(self, *arg, **kw)
                ^^^^^^^^^^^^^^^^^^^^
  File "/app/backend/venv/lib/python3.12/site-packages/sqlalchemy/orm/session.py", line 1286, in _prepare_impl
    self.session.flush()
  File "/app/backend/venv/lib/python3.12/site-packages/sqlalchemy/orm/session.py", line 4331, in flush
    self._flush(objects)
  File "/app/backend/venv/lib/python3.12/site-packages/sqlalchemy/orm/session.py", line 4466, in _flush
    with util.safe_reraise():
         ^^^^^^^^^^^^^^^^^^^
  File "/app/backend/venv/lib/python3.12/site-packages/sqlalchemy/util/langhelpers.py", line 224, in __exit__
    raise exc_value.with_traceback(exc_tb)
  File "/app/backend/venv/lib/python3.12/site-packages/sqlalchemy/orm/session.py", line 4427, in _flush
    flush_context.execute()
  File "/app/backend/venv/lib/python3.12/site-packages/sqlalchemy/orm/unitofwork.py", line 466, in execute
    rec.execute(self)
  File "/app/backend/venv/lib/python3.12/site-packages/sqlalchemy/orm/unitofwork.py", line 642, in execute
    util.preloaded.orm_persistence.save_obj(
  File "/app/backend/venv/lib/python3.12/site-packages/sqlalchemy/orm/persistence.py", line 93, in save_obj
    _emit_insert_statements(
  File "/app/backend/venv/lib/python3.12/site-packages/sqlalchemy/orm/persistence.py", line 1233, in _emit_insert_statements
    result = connection.execute(
             ^^^^^^^^^^^^^^^^^^^
  File "/app/backend/venv/lib/python3.12/site-packages/sqlalchemy/engine/base.py", line 1419, in execute
    return meth(
           ^^^^^
  File "/app/backend/venv/lib/python3.12/site-packages/sqlalchemy/sql/elements.py", line 527, in _execute_on_connection
    return connection._execute_clauseelement(
           ^^^^^^^^^^^^^^^^^^^^^^^^^^^^^^^^^^
  File "/app/backend/venv/lib/python3.12/site-packages/sqlalchemy/engine/base.py", line 1641, in _execute_clauseelement
    ret = self._execute_context(
          ^^^^^^^^^^^^^^^^^^^^^^
  File "/app/backend/venv/lib/python3.12/site-packages/sqlalchemy/engine/base.py", line 1846, in _execute_context
    return self._exec_single_context(
           ^^^^^^^^^^^^^^^^^^^^^^^^^^
  File "/app/backend/venv/lib/python3.12/site-packages/sqlalchemy/engine/base.py", line 1986, in _exec_single_context
    self._handle_dbapi_exception(
  File "/app/backend/venv/lib/python3.12/site-packages/sqlalchemy/engine/base.py", line 2363, in _handle_dbapi_exception
    raise sqlalchemy_exception.with_traceback(exc_info[2]) from e
  File "/app/backend/venv/lib/python3.12/site-packages/sqlalchemy/engine/base.py", line 1967, in _exec_single_context
    self.dialect.do_execute(
  File "/app/backend/venv/lib/python3.12/site-packages/sqlalchemy/engine/default.py", line 952, in do_execute
    cursor.execute(statement, parameters)
sqlalchemy.exc.IntegrityError: (sqlite3.IntegrityError) UNIQUE constraint failed: users.name
[SQL: INSERT INTO users (name) VALUES (?)]
[parameters: ('Jules',)]
(Background on this error at: https://sqlalche.me/e/20/gkpj)
INFO:     127.0.0.1:45692 - "GET /products/ HTTP/1.1" 200 OK
INFO:     127.0.0.1:45696 - "GET /products/ HTTP/1.1" 200 OK
INFO:     127.0.0.1:45696 - "OPTIONS /products/ HTTP/1.1" 200 OK
INFO:     127.0.0.1:45692 - "POST /products/ HTTP/1.1" 200 OK
INFO:     127.0.0.1:45692 - "GET /products/ HTTP/1.1" 200 OK
INFO:     127.0.0.1:45692 - "GET /dishes/ HTTP/1.1" 200 OK
INFO:     127.0.0.1:45696 - "GET /products/ HTTP/1.1" 200 OK
INFO:     127.0.0.1:45700 - "GET /dishes/ HTTP/1.1" 200 OK
INFO:     127.0.0.1:45692 - "GET /products/ HTTP/1.1" 200 OK
INFO:     127.0.0.1:49026 - "GET /users/ HTTP/1.1" 200 OK
INFO:     127.0.0.1:49032 - "GET /products/ HTTP/1.1" 200 OK
INFO:     127.0.0.1:49044 - "GET /dishes/ HTTP/1.1" 200 OK
INFO:     127.0.0.1:49026 - "GET /products/ HTTP/1.1" 200 OK
INFO:     127.0.0.1:49032 - "GET /dishes/ HTTP/1.1" 200 OK
INFO:     127.0.0.1:49060 - "GET /users/ HTTP/1.1" 200 OK
INFO:     127.0.0.1:49060 - "GET /logs/2026-02-09?user_id=1 HTTP/1.1" 200 OK
INFO:     127.0.0.1:49060 - "OPTIONS /users/ HTTP/1.1" 200 OK
INFO:     127.0.0.1:49032 - "POST /users/ HTTP/1.1" 500 Internal Server Error
ERROR:    Exception in ASGI application
Traceback (most recent call last):
  File "/app/backend/venv/lib/python3.12/site-packages/sqlalchemy/engine/base.py", line 1967, in _exec_single_context
    self.dialect.do_execute(
  File "/app/backend/venv/lib/python3.12/site-packages/sqlalchemy/engine/default.py", line 952, in do_execute
    cursor.execute(statement, parameters)
sqlite3.IntegrityError: UNIQUE constraint failed: users.name

The above exception was the direct cause of the following exception:

Traceback (most recent call last):
  File "/app/backend/venv/lib/python3.12/site-packages/uvicorn/protocols/http/h11_impl.py", line 410, in run_asgi
    result = await app(  # type: ignore[func-returns-value]
             ^^^^^^^^^^^^^^^^^^^^^^^^^^^^^^^^^^^^^^^^^^^^^^
  File "/app/backend/venv/lib/python3.12/site-packages/uvicorn/middleware/proxy_headers.py", line 60, in __call__
    return await self.app(scope, receive, send)
           ^^^^^^^^^^^^^^^^^^^^^^^^^^^^^^^^^^^^
  File "/app/backend/venv/lib/python3.12/site-packages/fastapi/applications.py", line 1138, in __call__
    await super().__call__(scope, receive, send)
  File "/app/backend/venv/lib/python3.12/site-packages/starlette/applications.py", line 107, in __call__
    await self.middleware_stack(scope, receive, send)
  File "/app/backend/venv/lib/python3.12/site-packages/starlette/middleware/errors.py", line 186, in __call__
    raise exc
  File "/app/backend/venv/lib/python3.12/site-packages/starlette/middleware/errors.py", line 164, in __call__
    await self.app(scope, receive, _send)
  File "/app/backend/venv/lib/python3.12/site-packages/starlette/middleware/cors.py", line 95, in __call__
    await self.simple_response(scope, receive, send, request_headers=headers)
  File "/app/backend/venv/lib/python3.12/site-packages/starlette/middleware/cors.py", line 153, in simple_response
    await self.app(scope, receive, send)
  File "/app/backend/venv/lib/python3.12/site-packages/starlette/middleware/exceptions.py", line 63, in __call__
    await wrap_app_handling_exceptions(self.app, conn)(scope, receive, send)
  File "/app/backend/venv/lib/python3.12/site-packages/starlette/_exception_handler.py", line 53, in wrapped_app
    raise exc
  File "/app/backend/venv/lib/python3.12/site-packages/starlette/_exception_handler.py", line 42, in wrapped_app
    await app(scope, receive, sender)
  File "/app/backend/venv/lib/python3.12/site-packages/fastapi/middleware/asyncexitstack.py", line 18, in __call__
    await self.app(scope, receive, send)
  File "/app/backend/venv/lib/python3.12/site-packages/starlette/routing.py", line 716, in __call__
    await self.middleware_stack(scope, receive, send)
  File "/app/backend/venv/lib/python3.12/site-packages/starlette/routing.py", line 736, in app
    await route.handle(scope, receive, send)
  File "/app/backend/venv/lib/python3.12/site-packages/starlette/routing.py", line 290, in handle
    await self.app(scope, receive, send)
  File "/app/backend/venv/lib/python3.12/site-packages/fastapi/routing.py", line 121, in app
    await wrap_app_handling_exceptions(app, request)(scope, receive, send)
  File "/app/backend/venv/lib/python3.12/site-packages/starlette/_exception_handler.py", line 53, in wrapped_app
    raise exc
  File "/app/backend/venv/lib/python3.12/site-packages/starlette/_exception_handler.py", line 42, in wrapped_app
    await app(scope, receive, sender)
  File "/app/backend/venv/lib/python3.12/site-packages/fastapi/routing.py", line 107, in app
    response = await f(request)
               ^^^^^^^^^^^^^^^^
  File "/app/backend/venv/lib/python3.12/site-packages/fastapi/routing.py", line 426, in app
    raw_response = await run_endpoint_function(
                   ^^^^^^^^^^^^^^^^^^^^^^^^^^^^
  File "/app/backend/venv/lib/python3.12/site-packages/fastapi/routing.py", line 316, in run_endpoint_function
    return await run_in_threadpool(dependant.call, **values)
           ^^^^^^^^^^^^^^^^^^^^^^^^^^^^^^^^^^^^^^^^^^^^^^^^^
  File "/app/backend/venv/lib/python3.12/site-packages/starlette/concurrency.py", line 32, in run_in_threadpool
    return await anyio.to_thread.run_sync(func)
           ^^^^^^^^^^^^^^^^^^^^^^^^^^^^^^^^^^^^
  File "/app/backend/venv/lib/python3.12/site-packages/anyio/to_thread.py", line 63, in run_sync
    return await get_async_backend().run_sync_in_worker_thread(
           ^^^^^^^^^^^^^^^^^^^^^^^^^^^^^^^^^^^^^^^^^^^^^^^^^^^^
  File "/app/backend/venv/lib/python3.12/site-packages/anyio/_backends/_asyncio.py", line 2502, in run_sync_in_worker_thread
    return await future
           ^^^^^^^^^^^^
  File "/app/backend/venv/lib/python3.12/site-packages/anyio/_backends/_asyncio.py", line 986, in run
    result = context.run(func, *args)
             ^^^^^^^^^^^^^^^^^^^^^^^^
  File "/app/backend/main.py", line 71, in create_user
    return crud.create_user(db=db, user=user)
           ^^^^^^^^^^^^^^^^^^^^^^^^^^^^^^^^^^
  File "/app/backend/crud.py", line 12, in create_user
    db.commit()
  File "/app/backend/venv/lib/python3.12/site-packages/sqlalchemy/orm/session.py", line 2030, in commit
    trans.commit(_to_root=True)
  File "<string>", line 2, in commit
  File "/app/backend/venv/lib/python3.12/site-packages/sqlalchemy/orm/state_changes.py", line 137, in _go
    ret_value = fn(self, *arg, **kw)
                ^^^^^^^^^^^^^^^^^^^^
  File "/app/backend/venv/lib/python3.12/site-packages/sqlalchemy/orm/session.py", line 1311, in commit
    self._prepare_impl()
  File "<string>", line 2, in _prepare_impl
  File "/app/backend/venv/lib/python3.12/site-packages/sqlalchemy/orm/state_changes.py", line 137, in _go
    ret_value = fn(self, *arg, **kw)
                ^^^^^^^^^^^^^^^^^^^^
  File "/app/backend/venv/lib/python3.12/site-packages/sqlalchemy/orm/session.py", line 1286, in _prepare_impl
    self.session.flush()
  File "/app/backend/venv/lib/python3.12/site-packages/sqlalchemy/orm/session.py", line 4331, in flush
    self._flush(objects)
  File "/app/backend/venv/lib/python3.12/site-packages/sqlalchemy/orm/session.py", line 4466, in _flush
    with util.safe_reraise():
         ^^^^^^^^^^^^^^^^^^^
  File "/app/backend/venv/lib/python3.12/site-packages/sqlalchemy/util/langhelpers.py", line 224, in __exit__
    raise exc_value.with_traceback(exc_tb)
  File "/app/backend/venv/lib/python3.12/site-packages/sqlalchemy/orm/session.py", line 4427, in _flush
    flush_context.execute()
  File "/app/backend/venv/lib/python3.12/site-packages/sqlalchemy/orm/unitofwork.py", line 466, in execute
    rec.execute(self)
  File "/app/backend/venv/lib/python3.12/site-packages/sqlalchemy/orm/unitofwork.py", line 642, in execute
    util.preloaded.orm_persistence.save_obj(
  File "/app/backend/venv/lib/python3.12/site-packages/sqlalchemy/orm/persistence.py", line 93, in save_obj
    _emit_insert_statements(
  File "/app/backend/venv/lib/python3.12/site-packages/sqlalchemy/orm/persistence.py", line 1233, in _emit_insert_statements
    result = connection.execute(
             ^^^^^^^^^^^^^^^^^^^
  File "/app/backend/venv/lib/python3.12/site-packages/sqlalchemy/engine/base.py", line 1419, in execute
    return meth(
           ^^^^^
  File "/app/backend/venv/lib/python3.12/site-packages/sqlalchemy/sql/elements.py", line 527, in _execute_on_connection
    return connection._execute_clauseelement(
           ^^^^^^^^^^^^^^^^^^^^^^^^^^^^^^^^^^
  File "/app/backend/venv/lib/python3.12/site-packages/sqlalchemy/engine/base.py", line 1641, in _execute_clauseelement
    ret = self._execute_context(
          ^^^^^^^^^^^^^^^^^^^^^^
  File "/app/backend/venv/lib/python3.12/site-packages/sqlalchemy/engine/base.py", line 1846, in _execute_context
    return self._exec_single_context(
           ^^^^^^^^^^^^^^^^^^^^^^^^^^
  File "/app/backend/venv/lib/python3.12/site-packages/sqlalchemy/engine/base.py", line 1986, in _exec_single_context
    self._handle_dbapi_exception(
  File "/app/backend/venv/lib/python3.12/site-packages/sqlalchemy/engine/base.py", line 2363, in _handle_dbapi_exception
    raise sqlalchemy_exception.with_traceback(exc_info[2]) from e
  File "/app/backend/venv/lib/python3.12/site-packages/sqlalchemy/engine/base.py", line 1967, in _exec_single_context
    self.dialect.do_execute(
  File "/app/backend/venv/lib/python3.12/site-packages/sqlalchemy/engine/default.py", line 952, in do_execute
    cursor.execute(statement, parameters)
sqlalchemy.exc.IntegrityError: (sqlite3.IntegrityError) UNIQUE constraint failed: users.name
[SQL: INSERT INTO users (name) VALUES (?)]
[parameters: ('Jules',)]
(Background on this error at: https://sqlalche.me/e/20/gkpj)
INFO:     127.0.0.1:49060 - "GET /products/ HTTP/1.1" 200 OK
INFO:     127.0.0.1:49026 - "GET /products/ HTTP/1.1" 200 OK
INFO:     127.0.0.1:49026 - "OPTIONS /products/ HTTP/1.1" 200 OK
INFO:     127.0.0.1:49060 - "POST /products/ HTTP/1.1" 200 OK
INFO:     127.0.0.1:49060 - "GET /products/ HTTP/1.1" 200 OK
INFO:     127.0.0.1:49060 - "GET /dishes/ HTTP/1.1" 200 OK
INFO:     127.0.0.1:49026 - "GET /products/ HTTP/1.1" 200 OK
INFO:     127.0.0.1:49044 - "GET /dishes/ HTTP/1.1" 200 OK
INFO:     127.0.0.1:49060 - "GET /products/ HTTP/1.1" 200 OK
INFO:     127.0.0.1:58364 - "GET /users/ HTTP/1.1" 200 OK
INFO:     127.0.0.1:58366 - "GET /products/ HTTP/1.1" 200 OK
INFO:     127.0.0.1:58394 - "GET /users/ HTTP/1.1" 200 OK
INFO:     127.0.0.1:58380 - "GET /dishes/ HTTP/1.1" 200 OK
INFO:     127.0.0.1:58364 - "GET /products/ HTTP/1.1" 200 OK
INFO:     127.0.0.1:58364 - "GET /logs/2026-02-09?user_id=1 HTTP/1.1" 200 OK
INFO:     127.0.0.1:58394 - "GET /dishes/ HTTP/1.1" 200 OK
INFO:     127.0.0.1:58394 - "OPTIONS /users/ HTTP/1.1" 200 OK
INFO:     127.0.0.1:58364 - "POST /users/ HTTP/1.1" 500 Internal Server Error
ERROR:    Exception in ASGI application
Traceback (most recent call last):
  File "/app/backend/venv/lib/python3.12/site-packages/sqlalchemy/engine/base.py", line 1967, in _exec_single_context
    self.dialect.do_execute(
  File "/app/backend/venv/lib/python3.12/site-packages/sqlalchemy/engine/default.py", line 952, in do_execute
    cursor.execute(statement, parameters)
sqlite3.IntegrityError: UNIQUE constraint failed: users.name

The above exception was the direct cause of the following exception:

Traceback (most recent call last):
  File "/app/backend/venv/lib/python3.12/site-packages/uvicorn/protocols/http/h11_impl.py", line 410, in run_asgi
    result = await app(  # type: ignore[func-returns-value]
             ^^^^^^^^^^^^^^^^^^^^^^^^^^^^^^^^^^^^^^^^^^^^^^
  File "/app/backend/venv/lib/python3.12/site-packages/uvicorn/middleware/proxy_headers.py", line 60, in __call__
    return await self.app(scope, receive, send)
           ^^^^^^^^^^^^^^^^^^^^^^^^^^^^^^^^^^^^
  File "/app/backend/venv/lib/python3.12/site-packages/fastapi/applications.py", line 1138, in __call__
    await super().__call__(scope, receive, send)
  File "/app/backend/venv/lib/python3.12/site-packages/starlette/applications.py", line 107, in __call__
    await self.middleware_stack(scope, receive, send)
  File "/app/backend/venv/lib/python3.12/site-packages/starlette/middleware/errors.py", line 186, in __call__
    raise exc
  File "/app/backend/venv/lib/python3.12/site-packages/starlette/middleware/errors.py", line 164, in __call__
    await self.app(scope, receive, _send)
  File "/app/backend/venv/lib/python3.12/site-packages/starlette/middleware/cors.py", line 95, in __call__
    await self.simple_response(scope, receive, send, request_headers=headers)
  File "/app/backend/venv/lib/python3.12/site-packages/starlette/middleware/cors.py", line 153, in simple_response
    await self.app(scope, receive, send)
  File "/app/backend/venv/lib/python3.12/site-packages/starlette/middleware/exceptions.py", line 63, in __call__
    await wrap_app_handling_exceptions(self.app, conn)(scope, receive, send)
  File "/app/backend/venv/lib/python3.12/site-packages/starlette/_exception_handler.py", line 53, in wrapped_app
    raise exc
  File "/app/backend/venv/lib/python3.12/site-packages/starlette/_exception_handler.py", line 42, in wrapped_app
    await app(scope, receive, sender)
  File "/app/backend/venv/lib/python3.12/site-packages/fastapi/middleware/asyncexitstack.py", line 18, in __call__
    await self.app(scope, receive, send)
  File "/app/backend/venv/lib/python3.12/site-packages/starlette/routing.py", line 716, in __call__
    await self.middleware_stack(scope, receive, send)
  File "/app/backend/venv/lib/python3.12/site-packages/starlette/routing.py", line 736, in app
    await route.handle(scope, receive, send)
  File "/app/backend/venv/lib/python3.12/site-packages/starlette/routing.py", line 290, in handle
    await self.app(scope, receive, send)
  File "/app/backend/venv/lib/python3.12/site-packages/fastapi/routing.py", line 121, in app
    await wrap_app_handling_exceptions(app, request)(scope, receive, send)
  File "/app/backend/venv/lib/python3.12/site-packages/starlette/_exception_handler.py", line 53, in wrapped_app
    raise exc
  File "/app/backend/venv/lib/python3.12/site-packages/starlette/_exception_handler.py", line 42, in wrapped_app
    await app(scope, receive, sender)
  File "/app/backend/venv/lib/python3.12/site-packages/fastapi/routing.py", line 107, in app
    response = await f(request)
               ^^^^^^^^^^^^^^^^
  File "/app/backend/venv/lib/python3.12/site-packages/fastapi/routing.py", line 426, in app
    raw_response = await run_endpoint_function(
                   ^^^^^^^^^^^^^^^^^^^^^^^^^^^^
  File "/app/backend/venv/lib/python3.12/site-packages/fastapi/routing.py", line 316, in run_endpoint_function
    return await run_in_threadpool(dependant.call, **values)
           ^^^^^^^^^^^^^^^^^^^^^^^^^^^^^^^^^^^^^^^^^^^^^^^^^
  File "/app/backend/venv/lib/python3.12/site-packages/starlette/concurrency.py", line 32, in run_in_threadpool
    return await anyio.to_thread.run_sync(func)
           ^^^^^^^^^^^^^^^^^^^^^^^^^^^^^^^^^^^^
  File "/app/backend/venv/lib/python3.12/site-packages/anyio/to_thread.py", line 63, in run_sync
    return await get_async_backend().run_sync_in_worker_thread(
           ^^^^^^^^^^^^^^^^^^^^^^^^^^^^^^^^^^^^^^^^^^^^^^^^^^^^
  File "/app/backend/venv/lib/python3.12/site-packages/anyio/_backends/_asyncio.py", line 2502, in run_sync_in_worker_thread
    return await future
           ^^^^^^^^^^^^
  File "/app/backend/venv/lib/python3.12/site-packages/anyio/_backends/_asyncio.py", line 986, in run
    result = context.run(func, *args)
             ^^^^^^^^^^^^^^^^^^^^^^^^
  File "/app/backend/main.py", line 71, in create_user
    return crud.create_user(db=db, user=user)
           ^^^^^^^^^^^^^^^^^^^^^^^^^^^^^^^^^^
  File "/app/backend/crud.py", line 12, in create_user
    db.commit()
  File "/app/backend/venv/lib/python3.12/site-packages/sqlalchemy/orm/session.py", line 2030, in commit
    trans.commit(_to_root=True)
  File "<string>", line 2, in commit
  File "/app/backend/venv/lib/python3.12/site-packages/sqlalchemy/orm/state_changes.py", line 137, in _go
    ret_value = fn(self, *arg, **kw)
                ^^^^^^^^^^^^^^^^^^^^
  File "/app/backend/venv/lib/python3.12/site-packages/sqlalchemy/orm/session.py", line 1311, in commit
    self._prepare_impl()
  File "<string>", line 2, in _prepare_impl
  File "/app/backend/venv/lib/python3.12/site-packages/sqlalchemy/orm/state_changes.py", line 137, in _go
    ret_value = fn(self, *arg, **kw)
                ^^^^^^^^^^^^^^^^^^^^
  File "/app/backend/venv/lib/python3.12/site-packages/sqlalchemy/orm/session.py", line 1286, in _prepare_impl
    self.session.flush()
  File "/app/backend/venv/lib/python3.12/site-packages/sqlalchemy/orm/session.py", line 4331, in flush
    self._flush(objects)
  File "/app/backend/venv/lib/python3.12/site-packages/sqlalchemy/orm/session.py", line 4466, in _flush
    with util.safe_reraise():
         ^^^^^^^^^^^^^^^^^^^
  File "/app/backend/venv/lib/python3.12/site-packages/sqlalchemy/util/langhelpers.py", line 224, in __exit__
    raise exc_value.with_traceback(exc_tb)
  File "/app/backend/venv/lib/python3.12/site-packages/sqlalchemy/orm/session.py", line 4427, in _flush
    flush_context.execute()
  File "/app/backend/venv/lib/python3.12/site-packages/sqlalchemy/orm/unitofwork.py", line 466, in execute
    rec.execute(self)
  File "/app/backend/venv/lib/python3.12/site-packages/sqlalchemy/orm/unitofwork.py", line 642, in execute
    util.preloaded.orm_persistence.save_obj(
  File "/app/backend/venv/lib/python3.12/site-packages/sqlalchemy/orm/persistence.py", line 93, in save_obj
    _emit_insert_statements(
  File "/app/backend/venv/lib/python3.12/site-packages/sqlalchemy/orm/persistence.py", line 1233, in _emit_insert_statements
    result = connection.execute(
             ^^^^^^^^^^^^^^^^^^^
  File "/app/backend/venv/lib/python3.12/site-packages/sqlalchemy/engine/base.py", line 1419, in execute
    return meth(
           ^^^^^
  File "/app/backend/venv/lib/python3.12/site-packages/sqlalchemy/sql/elements.py", line 527, in _execute_on_connection
    return connection._execute_clauseelement(
           ^^^^^^^^^^^^^^^^^^^^^^^^^^^^^^^^^^
  File "/app/backend/venv/lib/python3.12/site-packages/sqlalchemy/engine/base.py", line 1641, in _execute_clauseelement
    ret = self._execute_context(
          ^^^^^^^^^^^^^^^^^^^^^^
  File "/app/backend/venv/lib/python3.12/site-packages/sqlalchemy/engine/base.py", line 1846, in _execute_context
    return self._exec_single_context(
           ^^^^^^^^^^^^^^^^^^^^^^^^^^
  File "/app/backend/venv/lib/python3.12/site-packages/sqlalchemy/engine/base.py", line 1986, in _exec_single_context
    self._handle_dbapi_exception(
  File "/app/backend/venv/lib/python3.12/site-packages/sqlalchemy/engine/base.py", line 2363, in _handle_dbapi_exception
    raise sqlalchemy_exception.with_traceback(exc_info[2]) from e
  File "/app/backend/venv/lib/python3.12/site-packages/sqlalchemy/engine/base.py", line 1967, in _exec_single_context
    self.dialect.do_execute(
  File "/app/backend/venv/lib/python3.12/site-packages/sqlalchemy/engine/default.py", line 952, in do_execute
    cursor.execute(statement, parameters)
sqlalchemy.exc.IntegrityError: (sqlite3.IntegrityError) UNIQUE constraint failed: users.name
[SQL: INSERT INTO users (name) VALUES (?)]
[parameters: ('Jules',)]
(Background on this error at: https://sqlalche.me/e/20/gkpj)
INFO:     127.0.0.1:58394 - "GET /products/ HTTP/1.1" 200 OK
INFO:     127.0.0.1:58380 - "GET /products/ HTTP/1.1" 200 OK
INFO:     127.0.0.1:58380 - "OPTIONS /products/ HTTP/1.1" 200 OK
INFO:     127.0.0.1:58394 - "POST /products/ HTTP/1.1" 200 OK
INFO:     127.0.0.1:58394 - "GET /products/ HTTP/1.1" 200 OK
INFO:     127.0.0.1:58394 - "GET /dishes/ HTTP/1.1" 200 OK
INFO:     127.0.0.1:58380 - "GET /products/ HTTP/1.1" 200 OK
INFO:     127.0.0.1:58394 - "GET /products/ HTTP/1.1" 200 OK
INFO:     127.0.0.1:58366 - "GET /dishes/ HTTP/1.1" 200 OK
INFO:     127.0.0.1:58366 - "OPTIONS /dishes/ HTTP/1.1" 200 OK
INFO:     127.0.0.1:58394 - "POST /dishes/ HTTP/1.1" 200 OK
INFO:     127.0.0.1:58394 - "GET /dishes/ HTTP/1.1" 200 OK
INFO:     127.0.0.1:58394 - "GET /users/ HTTP/1.1" 200 OK
INFO:     127.0.0.1:58366 - "GET /products/ HTTP/1.1" 200 OK
INFO:     127.0.0.1:58380 - "GET /dishes/ HTTP/1.1" 200 OK
INFO:     127.0.0.1:58410 - "GET /users/ HTTP/1.1" 200 OK
INFO:     127.0.0.1:58394 - "GET /products/ HTTP/1.1" 200 OK
INFO:     127.0.0.1:58366 - "GET /dishes/ HTTP/1.1" 200 OK
INFO:     127.0.0.1:58394 - "GET /logs/2026-02-09?user_id=1 HTTP/1.1" 200 OK
INFO:     127.0.0.1:58394 - "OPTIONS /logs/ HTTP/1.1" 200 OK
INFO:     127.0.0.1:58366 - "POST /logs/ HTTP/1.1" 200 OK
INFO:     127.0.0.1:58366 - "GET /logs/2026-02-09?user_id=1 HTTP/1.1" 200 OK
INFO:     127.0.0.1:47440 - "GET /users/ HTTP/1.1" 200 OK
INFO:     127.0.0.1:47448 - "GET /products/ HTTP/1.1" 200 OK
INFO:     127.0.0.1:47464 - "GET /dishes/ HTTP/1.1" 200 OK
INFO:     127.0.0.1:47440 - "GET /products/ HTTP/1.1" 200 OK
INFO:     127.0.0.1:47466 - "GET /users/ HTTP/1.1" 200 OK
INFO:     127.0.0.1:47448 - "GET /dishes/ HTTP/1.1" 200 OK
INFO:     127.0.0.1:47464 - "GET /logs/2026-02-09?user_id=1 HTTP/1.1" 200 OK
INFO:     127.0.0.1:47464 - "OPTIONS /users/ HTTP/1.1" 200 OK
INFO:     127.0.0.1:47448 - "POST /users/ HTTP/1.1" 500 Internal Server Error
ERROR:    Exception in ASGI application
Traceback (most recent call last):
  File "/app/backend/venv/lib/python3.12/site-packages/sqlalchemy/engine/base.py", line 1967, in _exec_single_context
    self.dialect.do_execute(
  File "/app/backend/venv/lib/python3.12/site-packages/sqlalchemy/engine/default.py", line 952, in do_execute
    cursor.execute(statement, parameters)
sqlite3.IntegrityError: UNIQUE constraint failed: users.name

The above exception was the direct cause of the following exception:

Traceback (most recent call last):
  File "/app/backend/venv/lib/python3.12/site-packages/uvicorn/protocols/http/h11_impl.py", line 410, in run_asgi
    result = await app(  # type: ignore[func-returns-value]
             ^^^^^^^^^^^^^^^^^^^^^^^^^^^^^^^^^^^^^^^^^^^^^^
  File "/app/backend/venv/lib/python3.12/site-packages/uvicorn/middleware/proxy_headers.py", line 60, in __call__
    return await self.app(scope, receive, send)
           ^^^^^^^^^^^^^^^^^^^^^^^^^^^^^^^^^^^^
  File "/app/backend/venv/lib/python3.12/site-packages/fastapi/applications.py", line 1138, in __call__
    await super().__call__(scope, receive, send)
  File "/app/backend/venv/lib/python3.12/site-packages/starlette/applications.py", line 107, in __call__
    await self.middleware_stack(scope, receive, send)
  File "/app/backend/venv/lib/python3.12/site-packages/starlette/middleware/errors.py", line 186, in __call__
    raise exc
  File "/app/backend/venv/lib/python3.12/site-packages/starlette/middleware/errors.py", line 164, in __call__
    await self.app(scope, receive, _send)
  File "/app/backend/venv/lib/python3.12/site-packages/starlette/middleware/cors.py", line 95, in __call__
    await self.simple_response(scope, receive, send, request_headers=headers)
  File "/app/backend/venv/lib/python3.12/site-packages/starlette/middleware/cors.py", line 153, in simple_response
    await self.app(scope, receive, send)
  File "/app/backend/venv/lib/python3.12/site-packages/starlette/middleware/exceptions.py", line 63, in __call__
    await wrap_app_handling_exceptions(self.app, conn)(scope, receive, send)
  File "/app/backend/venv/lib/python3.12/site-packages/starlette/_exception_handler.py", line 53, in wrapped_app
    raise exc
  File "/app/backend/venv/lib/python3.12/site-packages/starlette/_exception_handler.py", line 42, in wrapped_app
    await app(scope, receive, sender)
  File "/app/backend/venv/lib/python3.12/site-packages/fastapi/middleware/asyncexitstack.py", line 18, in __call__
    await self.app(scope, receive, send)
  File "/app/backend/venv/lib/python3.12/site-packages/starlette/routing.py", line 716, in __call__
    await self.middleware_stack(scope, receive, send)
  File "/app/backend/venv/lib/python3.12/site-packages/starlette/routing.py", line 736, in app
    await route.handle(scope, receive, send)
  File "/app/backend/venv/lib/python3.12/site-packages/starlette/routing.py", line 290, in handle
    await self.app(scope, receive, send)
  File "/app/backend/venv/lib/python3.12/site-packages/fastapi/routing.py", line 121, in app
    await wrap_app_handling_exceptions(app, request)(scope, receive, send)
  File "/app/backend/venv/lib/python3.12/site-packages/starlette/_exception_handler.py", line 53, in wrapped_app
    raise exc
  File "/app/backend/venv/lib/python3.12/site-packages/starlette/_exception_handler.py", line 42, in wrapped_app
    await app(scope, receive, sender)
  File "/app/backend/venv/lib/python3.12/site-packages/fastapi/routing.py", line 107, in app
    response = await f(request)
               ^^^^^^^^^^^^^^^^
  File "/app/backend/venv/lib/python3.12/site-packages/fastapi/routing.py", line 426, in app
    raw_response = await run_endpoint_function(
                   ^^^^^^^^^^^^^^^^^^^^^^^^^^^^
  File "/app/backend/venv/lib/python3.12/site-packages/fastapi/routing.py", line 316, in run_endpoint_function
    return await run_in_threadpool(dependant.call, **values)
           ^^^^^^^^^^^^^^^^^^^^^^^^^^^^^^^^^^^^^^^^^^^^^^^^^
  File "/app/backend/venv/lib/python3.12/site-packages/starlette/concurrency.py", line 32, in run_in_threadpool
    return await anyio.to_thread.run_sync(func)
           ^^^^^^^^^^^^^^^^^^^^^^^^^^^^^^^^^^^^
  File "/app/backend/venv/lib/python3.12/site-packages/anyio/to_thread.py", line 63, in run_sync
    return await get_async_backend().run_sync_in_worker_thread(
           ^^^^^^^^^^^^^^^^^^^^^^^^^^^^^^^^^^^^^^^^^^^^^^^^^^^^
  File "/app/backend/venv/lib/python3.12/site-packages/anyio/_backends/_asyncio.py", line 2502, in run_sync_in_worker_thread
    return await future
           ^^^^^^^^^^^^
  File "/app/backend/venv/lib/python3.12/site-packages/anyio/_backends/_asyncio.py", line 986, in run
    result = context.run(func, *args)
             ^^^^^^^^^^^^^^^^^^^^^^^^
  File "/app/backend/main.py", line 71, in create_user
    return crud.create_user(db=db, user=user)
           ^^^^^^^^^^^^^^^^^^^^^^^^^^^^^^^^^^
  File "/app/backend/crud.py", line 12, in create_user
    db.commit()
  File "/app/backend/venv/lib/python3.12/site-packages/sqlalchemy/orm/session.py", line 2030, in commit
    trans.commit(_to_root=True)
  File "<string>", line 2, in commit
  File "/app/backend/venv/lib/python3.12/site-packages/sqlalchemy/orm/state_changes.py", line 137, in _go
    ret_value = fn(self, *arg, **kw)
                ^^^^^^^^^^^^^^^^^^^^
  File "/app/backend/venv/lib/python3.12/site-packages/sqlalchemy/orm/session.py", line 1311, in commit
    self._prepare_impl()
  File "<string>", line 2, in _prepare_impl
  File "/app/backend/venv/lib/python3.12/site-packages/sqlalchemy/orm/state_changes.py", line 137, in _go
    ret_value = fn(self, *arg, **kw)
                ^^^^^^^^^^^^^^^^^^^^
  File "/app/backend/venv/lib/python3.12/site-packages/sqlalchemy/orm/session.py", line 1286, in _prepare_impl
    self.session.flush()
  File "/app/backend/venv/lib/python3.12/site-packages/sqlalchemy/orm/session.py", line 4331, in flush
    self._flush(objects)
  File "/app/backend/venv/lib/python3.12/site-packages/sqlalchemy/orm/session.py", line 4466, in _flush
    with util.safe_reraise():
         ^^^^^^^^^^^^^^^^^^^
  File "/app/backend/venv/lib/python3.12/site-packages/sqlalchemy/util/langhelpers.py", line 224, in __exit__
    raise exc_value.with_traceback(exc_tb)
  File "/app/backend/venv/lib/python3.12/site-packages/sqlalchemy/orm/session.py", line 4427, in _flush
    flush_context.execute()
  File "/app/backend/venv/lib/python3.12/site-packages/sqlalchemy/orm/unitofwork.py", line 466, in execute
    rec.execute(self)
  File "/app/backend/venv/lib/python3.12/site-packages/sqlalchemy/orm/unitofwork.py", line 642, in execute
    util.preloaded.orm_persistence.save_obj(
  File "/app/backend/venv/lib/python3.12/site-packages/sqlalchemy/orm/persistence.py", line 93, in save_obj
    _emit_insert_statements(
  File "/app/backend/venv/lib/python3.12/site-packages/sqlalchemy/orm/persistence.py", line 1233, in _emit_insert_statements
    result = connection.execute(
             ^^^^^^^^^^^^^^^^^^^
  File "/app/backend/venv/lib/python3.12/site-packages/sqlalchemy/engine/base.py", line 1419, in execute
    return meth(
           ^^^^^
  File "/app/backend/venv/lib/python3.12/site-packages/sqlalchemy/sql/elements.py", line 527, in _execute_on_connection
    return connection._execute_clauseelement(
           ^^^^^^^^^^^^^^^^^^^^^^^^^^^^^^^^^^
  File "/app/backend/venv/lib/python3.12/site-packages/sqlalchemy/engine/base.py", line 1641, in _execute_clauseelement
    ret = self._execute_context(
          ^^^^^^^^^^^^^^^^^^^^^^
  File "/app/backend/venv/lib/python3.12/site-packages/sqlalchemy/engine/base.py", line 1846, in _execute_context
    return self._exec_single_context(
           ^^^^^^^^^^^^^^^^^^^^^^^^^^
  File "/app/backend/venv/lib/python3.12/site-packages/sqlalchemy/engine/base.py", line 1986, in _exec_single_context
    self._handle_dbapi_exception(
  File "/app/backend/venv/lib/python3.12/site-packages/sqlalchemy/engine/base.py", line 2363, in _handle_dbapi_exception
    raise sqlalchemy_exception.with_traceback(exc_info[2]) from e
  File "/app/backend/venv/lib/python3.12/site-packages/sqlalchemy/engine/base.py", line 1967, in _exec_single_context
    self.dialect.do_execute(
  File "/app/backend/venv/lib/python3.12/site-packages/sqlalchemy/engine/default.py", line 952, in do_execute
    cursor.execute(statement, parameters)
sqlalchemy.exc.IntegrityError: (sqlite3.IntegrityError) UNIQUE constraint failed: users.name
[SQL: INSERT INTO users (name) VALUES (?)]
[parameters: ('Jules',)]
(Background on this error at: https://sqlalche.me/e/20/gkpj)
INFO:     127.0.0.1:47464 - "GET /products/ HTTP/1.1" 200 OK
INFO:     127.0.0.1:47466 - "GET /products/ HTTP/1.1" 200 OK
INFO:     127.0.0.1:47466 - "OPTIONS /products/ HTTP/1.1" 200 OK
INFO:     127.0.0.1:47464 - "POST /products/ HTTP/1.1" 200 OK
INFO:     127.0.0.1:47464 - "GET /products/ HTTP/1.1" 200 OK
INFO:     127.0.0.1:47466 - "GET /products/ HTTP/1.1" 200 OK
INFO:     127.0.0.1:47464 - "GET /dishes/ HTTP/1.1" 200 OK
INFO:     127.0.0.1:47440 - "GET /products/ HTTP/1.1" 200 OK
INFO:     127.0.0.1:47466 - "GET /dishes/ HTTP/1.1" 200 OK
INFO:     127.0.0.1:47466 - "OPTIONS /dishes/ HTTP/1.1" 200 OK
INFO:     127.0.0.1:47440 - "POST /dishes/ HTTP/1.1" 200 OK
INFO:     127.0.0.1:47440 - "GET /dishes/ HTTP/1.1" 200 OK
INFO:     127.0.0.1:47440 - "GET /users/ HTTP/1.1" 200 OK
INFO:     127.0.0.1:47466 - "GET /products/ HTTP/1.1" 200 OK
INFO:     127.0.0.1:47480 - "GET /users/ HTTP/1.1" 200 OK
INFO:     127.0.0.1:47464 - "GET /dishes/ HTTP/1.1" 200 OK
INFO:     127.0.0.1:47440 - "GET /products/ HTTP/1.1" 200 OK
INFO:     127.0.0.1:47480 - "GET /dishes/ HTTP/1.1" 200 OK
INFO:     127.0.0.1:47464 - "GET /logs/2026-02-09?user_id=1 HTTP/1.1" 200 OK
INFO:     127.0.0.1:51202 - "GET /users/ HTTP/1.1" 200 OK
INFO:     127.0.0.1:51210 - "GET /products/ HTTP/1.1" 200 OK
INFO:     127.0.0.1:51224 - "GET /dishes/ HTTP/1.1" 200 OK
INFO:     127.0.0.1:51230 - "GET /users/ HTTP/1.1" 200 OK
INFO:     127.0.0.1:51202 - "GET /products/ HTTP/1.1" 200 OK
INFO:     127.0.0.1:51224 - "GET /logs/2026-02-09?user_id=1 HTTP/1.1" 200 OK
INFO:     127.0.0.1:51210 - "GET /dishes/ HTTP/1.1" 200 OK
INFO:     127.0.0.1:51210 - "OPTIONS /users/ HTTP/1.1" 200 OK
INFO:     127.0.0.1:51224 - "POST /users/ HTTP/1.1" 500 Internal Server Error
ERROR:    Exception in ASGI application
Traceback (most recent call last):
  File "/app/backend/venv/lib/python3.12/site-packages/sqlalchemy/engine/base.py", line 1967, in _exec_single_context
    self.dialect.do_execute(
  File "/app/backend/venv/lib/python3.12/site-packages/sqlalchemy/engine/default.py", line 952, in do_execute
    cursor.execute(statement, parameters)
sqlite3.IntegrityError: UNIQUE constraint failed: users.name

The above exception was the direct cause of the following exception:

Traceback (most recent call last):
  File "/app/backend/venv/lib/python3.12/site-packages/uvicorn/protocols/http/h11_impl.py", line 410, in run_asgi
    result = await app(  # type: ignore[func-returns-value]
             ^^^^^^^^^^^^^^^^^^^^^^^^^^^^^^^^^^^^^^^^^^^^^^
  File "/app/backend/venv/lib/python3.12/site-packages/uvicorn/middleware/proxy_headers.py", line 60, in __call__
    return await self.app(scope, receive, send)
           ^^^^^^^^^^^^^^^^^^^^^^^^^^^^^^^^^^^^
  File "/app/backend/venv/lib/python3.12/site-packages/fastapi/applications.py", line 1138, in __call__
    await super().__call__(scope, receive, send)
  File "/app/backend/venv/lib/python3.12/site-packages/starlette/applications.py", line 107, in __call__
    await self.middleware_stack(scope, receive, send)
  File "/app/backend/venv/lib/python3.12/site-packages/starlette/middleware/errors.py", line 186, in __call__
    raise exc
  File "/app/backend/venv/lib/python3.12/site-packages/starlette/middleware/errors.py", line 164, in __call__
    await self.app(scope, receive, _send)
  File "/app/backend/venv/lib/python3.12/site-packages/starlette/middleware/cors.py", line 95, in __call__
    await self.simple_response(scope, receive, send, request_headers=headers)
  File "/app/backend/venv/lib/python3.12/site-packages/starlette/middleware/cors.py", line 153, in simple_response
    await self.app(scope, receive, send)
  File "/app/backend/venv/lib/python3.12/site-packages/starlette/middleware/exceptions.py", line 63, in __call__
    await wrap_app_handling_exceptions(self.app, conn)(scope, receive, send)
  File "/app/backend/venv/lib/python3.12/site-packages/starlette/_exception_handler.py", line 53, in wrapped_app
    raise exc
  File "/app/backend/venv/lib/python3.12/site-packages/starlette/_exception_handler.py", line 42, in wrapped_app
    await app(scope, receive, sender)
  File "/app/backend/venv/lib/python3.12/site-packages/fastapi/middleware/asyncexitstack.py", line 18, in __call__
    await self.app(scope, receive, send)
  File "/app/backend/venv/lib/python3.12/site-packages/starlette/routing.py", line 716, in __call__
    await self.middleware_stack(scope, receive, send)
  File "/app/backend/venv/lib/python3.12/site-packages/starlette/routing.py", line 736, in app
    await route.handle(scope, receive, send)
  File "/app/backend/venv/lib/python3.12/site-packages/starlette/routing.py", line 290, in handle
    await self.app(scope, receive, send)
  File "/app/backend/venv/lib/python3.12/site-packages/fastapi/routing.py", line 121, in app
    await wrap_app_handling_exceptions(app, request)(scope, receive, send)
  File "/app/backend/venv/lib/python3.12/site-packages/starlette/_exception_handler.py", line 53, in wrapped_app
    raise exc
  File "/app/backend/venv/lib/python3.12/site-packages/starlette/_exception_handler.py", line 42, in wrapped_app
    await app(scope, receive, sender)
  File "/app/backend/venv/lib/python3.12/site-packages/fastapi/routing.py", line 107, in app
    response = await f(request)
               ^^^^^^^^^^^^^^^^
  File "/app/backend/venv/lib/python3.12/site-packages/fastapi/routing.py", line 426, in app
    raw_response = await run_endpoint_function(
                   ^^^^^^^^^^^^^^^^^^^^^^^^^^^^
  File "/app/backend/venv/lib/python3.12/site-packages/fastapi/routing.py", line 316, in run_endpoint_function
    return await run_in_threadpool(dependant.call, **values)
           ^^^^^^^^^^^^^^^^^^^^^^^^^^^^^^^^^^^^^^^^^^^^^^^^^
  File "/app/backend/venv/lib/python3.12/site-packages/starlette/concurrency.py", line 32, in run_in_threadpool
    return await anyio.to_thread.run_sync(func)
           ^^^^^^^^^^^^^^^^^^^^^^^^^^^^^^^^^^^^
  File "/app/backend/venv/lib/python3.12/site-packages/anyio/to_thread.py", line 63, in run_sync
    return await get_async_backend().run_sync_in_worker_thread(
           ^^^^^^^^^^^^^^^^^^^^^^^^^^^^^^^^^^^^^^^^^^^^^^^^^^^^
  File "/app/backend/venv/lib/python3.12/site-packages/anyio/_backends/_asyncio.py", line 2502, in run_sync_in_worker_thread
    return await future
           ^^^^^^^^^^^^
  File "/app/backend/venv/lib/python3.12/site-packages/anyio/_backends/_asyncio.py", line 986, in run
    result = context.run(func, *args)
             ^^^^^^^^^^^^^^^^^^^^^^^^
  File "/app/backend/main.py", line 71, in create_user
    return crud.create_user(db=db, user=user)
           ^^^^^^^^^^^^^^^^^^^^^^^^^^^^^^^^^^
  File "/app/backend/crud.py", line 12, in create_user
    db.commit()
  File "/app/backend/venv/lib/python3.12/site-packages/sqlalchemy/orm/session.py", line 2030, in commit
    trans.commit(_to_root=True)
  File "<string>", line 2, in commit
  File "/app/backend/venv/lib/python3.12/site-packages/sqlalchemy/orm/state_changes.py", line 137, in _go
    ret_value = fn(self, *arg, **kw)
                ^^^^^^^^^^^^^^^^^^^^
  File "/app/backend/venv/lib/python3.12/site-packages/sqlalchemy/orm/session.py", line 1311, in commit
    self._prepare_impl()
  File "<string>", line 2, in _prepare_impl
  File "/app/backend/venv/lib/python3.12/site-packages/sqlalchemy/orm/state_changes.py", line 137, in _go
    ret_value = fn(self, *arg, **kw)
                ^^^^^^^^^^^^^^^^^^^^
  File "/app/backend/venv/lib/python3.12/site-packages/sqlalchemy/orm/session.py", line 1286, in _prepare_impl
    self.session.flush()
  File "/app/backend/venv/lib/python3.12/site-packages/sqlalchemy/orm/session.py", line 4331, in flush
    self._flush(objects)
  File "/app/backend/venv/lib/python3.12/site-packages/sqlalchemy/orm/session.py", line 4466, in _flush
    with util.safe_reraise():
         ^^^^^^^^^^^^^^^^^^^
  File "/app/backend/venv/lib/python3.12/site-packages/sqlalchemy/util/langhelpers.py", line 224, in __exit__
    raise exc_value.with_traceback(exc_tb)
  File "/app/backend/venv/lib/python3.12/site-packages/sqlalchemy/orm/session.py", line 4427, in _flush
    flush_context.execute()
  File "/app/backend/venv/lib/python3.12/site-packages/sqlalchemy/orm/unitofwork.py", line 466, in execute
    rec.execute(self)
  File "/app/backend/venv/lib/python3.12/site-packages/sqlalchemy/orm/unitofwork.py", line 642, in execute
    util.preloaded.orm_persistence.save_obj(
  File "/app/backend/venv/lib/python3.12/site-packages/sqlalchemy/orm/persistence.py", line 93, in save_obj
    _emit_insert_statements(
  File "/app/backend/venv/lib/python3.12/site-packages/sqlalchemy/orm/persistence.py", line 1233, in _emit_insert_statements
    result = connection.execute(
             ^^^^^^^^^^^^^^^^^^^
  File "/app/backend/venv/lib/python3.12/site-packages/sqlalchemy/engine/base.py", line 1419, in execute
    return meth(
           ^^^^^
  File "/app/backend/venv/lib/python3.12/site-packages/sqlalchemy/sql/elements.py", line 527, in _execute_on_connection
    return connection._execute_clauseelement(
           ^^^^^^^^^^^^^^^^^^^^^^^^^^^^^^^^^^
  File "/app/backend/venv/lib/python3.12/site-packages/sqlalchemy/engine/base.py", line 1641, in _execute_clauseelement
    ret = self._execute_context(
          ^^^^^^^^^^^^^^^^^^^^^^
  File "/app/backend/venv/lib/python3.12/site-packages/sqlalchemy/engine/base.py", line 1846, in _execute_context
    return self._exec_single_context(
           ^^^^^^^^^^^^^^^^^^^^^^^^^^
  File "/app/backend/venv/lib/python3.12/site-packages/sqlalchemy/engine/base.py", line 1986, in _exec_single_context
    self._handle_dbapi_exception(
  File "/app/backend/venv/lib/python3.12/site-packages/sqlalchemy/engine/base.py", line 2363, in _handle_dbapi_exception
    raise sqlalchemy_exception.with_traceback(exc_info[2]) from e
  File "/app/backend/venv/lib/python3.12/site-packages/sqlalchemy/engine/base.py", line 1967, in _exec_single_context
    self.dialect.do_execute(
  File "/app/backend/venv/lib/python3.12/site-packages/sqlalchemy/engine/default.py", line 952, in do_execute
    cursor.execute(statement, parameters)
sqlalchemy.exc.IntegrityError: (sqlite3.IntegrityError) UNIQUE constraint failed: users.name
[SQL: INSERT INTO users (name) VALUES (?)]
[parameters: ('Jules',)]
(Background on this error at: https://sqlalche.me/e/20/gkpj)
INFO:     127.0.0.1:51210 - "GET /products/ HTTP/1.1" 200 OK
INFO:     127.0.0.1:51202 - "GET /products/ HTTP/1.1" 200 OK
INFO:     127.0.0.1:51202 - "OPTIONS /products/ HTTP/1.1" 200 OK
INFO:     127.0.0.1:51210 - "POST /products/ HTTP/1.1" 200 OK
INFO:     127.0.0.1:51210 - "GET /products/ HTTP/1.1" 200 OK
INFO:     127.0.0.1:51210 - "GET /dishes/ HTTP/1.1" 200 OK
INFO:     127.0.0.1:51202 - "GET /products/ HTTP/1.1" 200 OK
INFO:     127.0.0.1:51210 - "GET /products/ HTTP/1.1" 200 OK
INFO:     127.0.0.1:51230 - "GET /dishes/ HTTP/1.1" 200 OK
INFO:     127.0.0.1:51230 - "OPTIONS /dishes/ HTTP/1.1" 200 OK
INFO:     127.0.0.1:51210 - "POST /dishes/ HTTP/1.1" 200 OK
INFO:     127.0.0.1:51210 - "GET /dishes/ HTTP/1.1" 200 OK
INFO:     127.0.0.1:51210 - "GET /users/ HTTP/1.1" 200 OK
INFO:     127.0.0.1:51230 - "GET /products/ HTTP/1.1" 200 OK
INFO:     127.0.0.1:51232 - "GET /users/ HTTP/1.1" 200 OK
INFO:     127.0.0.1:51202 - "GET /dishes/ HTTP/1.1" 200 OK
INFO:     127.0.0.1:51210 - "GET /products/ HTTP/1.1" 200 OK
INFO:     127.0.0.1:51232 - "GET /logs/2026-02-09?user_id=1 HTTP/1.1" 200 OK
INFO:     127.0.0.1:51230 - "GET /dishes/ HTTP/1.1" 200 OK
INFO:     127.0.0.1:55062 - "GET /users/ HTTP/1.1" 200 OK
INFO:     127.0.0.1:55074 - "GET /products/ HTTP/1.1" 200 OK
INFO:     127.0.0.1:55086 - "GET /dishes/ HTTP/1.1" 200 OK
INFO:     127.0.0.1:55096 - "GET /users/ HTTP/1.1" 200 OK
INFO:     127.0.0.1:55062 - "GET /products/ HTTP/1.1" 200 OK
INFO:     127.0.0.1:55074 - "GET /dishes/ HTTP/1.1" 200 OK
INFO:     127.0.0.1:55086 - "GET /logs/2026-02-09?user_id=1 HTTP/1.1" 200 OK
INFO:     127.0.0.1:55086 - "OPTIONS /users/ HTTP/1.1" 200 OK
INFO:     127.0.0.1:55074 - "POST /users/ HTTP/1.1" 500 Internal Server Error
ERROR:    Exception in ASGI application
Traceback (most recent call last):
  File "/app/backend/venv/lib/python3.12/site-packages/sqlalchemy/engine/base.py", line 1967, in _exec_single_context
    self.dialect.do_execute(
  File "/app/backend/venv/lib/python3.12/site-packages/sqlalchemy/engine/default.py", line 952, in do_execute
    cursor.execute(statement, parameters)
sqlite3.IntegrityError: UNIQUE constraint failed: users.name

The above exception was the direct cause of the following exception:

Traceback (most recent call last):
  File "/app/backend/venv/lib/python3.12/site-packages/uvicorn/protocols/http/h11_impl.py", line 410, in run_asgi
    result = await app(  # type: ignore[func-returns-value]
             ^^^^^^^^^^^^^^^^^^^^^^^^^^^^^^^^^^^^^^^^^^^^^^
  File "/app/backend/venv/lib/python3.12/site-packages/uvicorn/middleware/proxy_headers.py", line 60, in __call__
    return await self.app(scope, receive, send)
           ^^^^^^^^^^^^^^^^^^^^^^^^^^^^^^^^^^^^
  File "/app/backend/venv/lib/python3.12/site-packages/fastapi/applications.py", line 1138, in __call__
    await super().__call__(scope, receive, send)
  File "/app/backend/venv/lib/python3.12/site-packages/starlette/applications.py", line 107, in __call__
    await self.middleware_stack(scope, receive, send)
  File "/app/backend/venv/lib/python3.12/site-packages/starlette/middleware/errors.py", line 186, in __call__
    raise exc
  File "/app/backend/venv/lib/python3.12/site-packages/starlette/middleware/errors.py", line 164, in __call__
    await self.app(scope, receive, _send)
  File "/app/backend/venv/lib/python3.12/site-packages/starlette/middleware/cors.py", line 95, in __call__
    await self.simple_response(scope, receive, send, request_headers=headers)
  File "/app/backend/venv/lib/python3.12/site-packages/starlette/middleware/cors.py", line 153, in simple_response
    await self.app(scope, receive, send)
  File "/app/backend/venv/lib/python3.12/site-packages/starlette/middleware/exceptions.py", line 63, in __call__
    await wrap_app_handling_exceptions(self.app, conn)(scope, receive, send)
  File "/app/backend/venv/lib/python3.12/site-packages/starlette/_exception_handler.py", line 53, in wrapped_app
    raise exc
  File "/app/backend/venv/lib/python3.12/site-packages/starlette/_exception_handler.py", line 42, in wrapped_app
    await app(scope, receive, sender)
  File "/app/backend/venv/lib/python3.12/site-packages/fastapi/middleware/asyncexitstack.py", line 18, in __call__
    await self.app(scope, receive, send)
  File "/app/backend/venv/lib/python3.12/site-packages/starlette/routing.py", line 716, in __call__
    await self.middleware_stack(scope, receive, send)
  File "/app/backend/venv/lib/python3.12/site-packages/starlette/routing.py", line 736, in app
    await route.handle(scope, receive, send)
  File "/app/backend/venv/lib/python3.12/site-packages/starlette/routing.py", line 290, in handle
    await self.app(scope, receive, send)
  File "/app/backend/venv/lib/python3.12/site-packages/fastapi/routing.py", line 121, in app
    await wrap_app_handling_exceptions(app, request)(scope, receive, send)
  File "/app/backend/venv/lib/python3.12/site-packages/starlette/_exception_handler.py", line 53, in wrapped_app
    raise exc
  File "/app/backend/venv/lib/python3.12/site-packages/starlette/_exception_handler.py", line 42, in wrapped_app
    await app(scope, receive, sender)
  File "/app/backend/venv/lib/python3.12/site-packages/fastapi/routing.py", line 107, in app
    response = await f(request)
               ^^^^^^^^^^^^^^^^
  File "/app/backend/venv/lib/python3.12/site-packages/fastapi/routing.py", line 426, in app
    raw_response = await run_endpoint_function(
                   ^^^^^^^^^^^^^^^^^^^^^^^^^^^^
  File "/app/backend/venv/lib/python3.12/site-packages/fastapi/routing.py", line 316, in run_endpoint_function
    return await run_in_threadpool(dependant.call, **values)
           ^^^^^^^^^^^^^^^^^^^^^^^^^^^^^^^^^^^^^^^^^^^^^^^^^
  File "/app/backend/venv/lib/python3.12/site-packages/starlette/concurrency.py", line 32, in run_in_threadpool
    return await anyio.to_thread.run_sync(func)
           ^^^^^^^^^^^^^^^^^^^^^^^^^^^^^^^^^^^^
  File "/app/backend/venv/lib/python3.12/site-packages/anyio/to_thread.py", line 63, in run_sync
    return await get_async_backend().run_sync_in_worker_thread(
           ^^^^^^^^^^^^^^^^^^^^^^^^^^^^^^^^^^^^^^^^^^^^^^^^^^^^
  File "/app/backend/venv/lib/python3.12/site-packages/anyio/_backends/_asyncio.py", line 2502, in run_sync_in_worker_thread
    return await future
           ^^^^^^^^^^^^
  File "/app/backend/venv/lib/python3.12/site-packages/anyio/_backends/_asyncio.py", line 986, in run
    result = context.run(func, *args)
             ^^^^^^^^^^^^^^^^^^^^^^^^
  File "/app/backend/main.py", line 71, in create_user
    return crud.create_user(db=db, user=user)
           ^^^^^^^^^^^^^^^^^^^^^^^^^^^^^^^^^^
  File "/app/backend/crud.py", line 12, in create_user
    db.commit()
  File "/app/backend/venv/lib/python3.12/site-packages/sqlalchemy/orm/session.py", line 2030, in commit
    trans.commit(_to_root=True)
  File "<string>", line 2, in commit
  File "/app/backend/venv/lib/python3.12/site-packages/sqlalchemy/orm/state_changes.py", line 137, in _go
    ret_value = fn(self, *arg, **kw)
                ^^^^^^^^^^^^^^^^^^^^
  File "/app/backend/venv/lib/python3.12/site-packages/sqlalchemy/orm/session.py", line 1311, in commit
    self._prepare_impl()
  File "<string>", line 2, in _prepare_impl
  File "/app/backend/venv/lib/python3.12/site-packages/sqlalchemy/orm/state_changes.py", line 137, in _go
    ret_value = fn(self, *arg, **kw)
                ^^^^^^^^^^^^^^^^^^^^
  File "/app/backend/venv/lib/python3.12/site-packages/sqlalchemy/orm/session.py", line 1286, in _prepare_impl
    self.session.flush()
  File "/app/backend/venv/lib/python3.12/site-packages/sqlalchemy/orm/session.py", line 4331, in flush
    self._flush(objects)
  File "/app/backend/venv/lib/python3.12/site-packages/sqlalchemy/orm/session.py", line 4466, in _flush
    with util.safe_reraise():
         ^^^^^^^^^^^^^^^^^^^
  File "/app/backend/venv/lib/python3.12/site-packages/sqlalchemy/util/langhelpers.py", line 224, in __exit__
    raise exc_value.with_traceback(exc_tb)
  File "/app/backend/venv/lib/python3.12/site-packages/sqlalchemy/orm/session.py", line 4427, in _flush
    flush_context.execute()
  File "/app/backend/venv/lib/python3.12/site-packages/sqlalchemy/orm/unitofwork.py", line 466, in execute
    rec.execute(self)
  File "/app/backend/venv/lib/python3.12/site-packages/sqlalchemy/orm/unitofwork.py", line 642, in execute
    util.preloaded.orm_persistence.save_obj(
  File "/app/backend/venv/lib/python3.12/site-packages/sqlalchemy/orm/persistence.py", line 93, in save_obj
    _emit_insert_statements(
  File "/app/backend/venv/lib/python3.12/site-packages/sqlalchemy/orm/persistence.py", line 1233, in _emit_insert_statements
    result = connection.execute(
             ^^^^^^^^^^^^^^^^^^^
  File "/app/backend/venv/lib/python3.12/site-packages/sqlalchemy/engine/base.py", line 1419, in execute
    return meth(
           ^^^^^
  File "/app/backend/venv/lib/python3.12/site-packages/sqlalchemy/sql/elements.py", line 527, in _execute_on_connection
    return connection._execute_clauseelement(
           ^^^^^^^^^^^^^^^^^^^^^^^^^^^^^^^^^^
  File "/app/backend/venv/lib/python3.12/site-packages/sqlalchemy/engine/base.py", line 1641, in _execute_clauseelement
    ret = self._execute_context(
          ^^^^^^^^^^^^^^^^^^^^^^
  File "/app/backend/venv/lib/python3.12/site-packages/sqlalchemy/engine/base.py", line 1846, in _execute_context
    return self._exec_single_context(
           ^^^^^^^^^^^^^^^^^^^^^^^^^^
  File "/app/backend/venv/lib/python3.12/site-packages/sqlalchemy/engine/base.py", line 1986, in _exec_single_context
    self._handle_dbapi_exception(
  File "/app/backend/venv/lib/python3.12/site-packages/sqlalchemy/engine/base.py", line 2363, in _handle_dbapi_exception
    raise sqlalchemy_exception.with_traceback(exc_info[2]) from e
  File "/app/backend/venv/lib/python3.12/site-packages/sqlalchemy/engine/base.py", line 1967, in _exec_single_context
    self.dialect.do_execute(
  File "/app/backend/venv/lib/python3.12/site-packages/sqlalchemy/engine/default.py", line 952, in do_execute
    cursor.execute(statement, parameters)
sqlalchemy.exc.IntegrityError: (sqlite3.IntegrityError) UNIQUE constraint failed: users.name
[SQL: INSERT INTO users (name) VALUES (?)]
[parameters: ('Jules',)]
(Background on this error at: https://sqlalche.me/e/20/gkpj)
INFO:     127.0.0.1:55086 - "GET /products/ HTTP/1.1" 200 OK
INFO:     127.0.0.1:55062 - "GET /products/ HTTP/1.1" 200 OK
INFO:     127.0.0.1:55062 - "OPTIONS /products/ HTTP/1.1" 200 OK
INFO:     127.0.0.1:55086 - "POST /products/ HTTP/1.1" 200 OK
INFO:     127.0.0.1:55086 - "GET /products/ HTTP/1.1" 200 OK
INFO:     127.0.0.1:55062 - "GET /products/ HTTP/1.1" 200 OK
INFO:     127.0.0.1:55086 - "GET /dishes/ HTTP/1.1" 200 OK
INFO:     127.0.0.1:55096 - "GET /products/ HTTP/1.1" 200 OK
INFO:     127.0.0.1:55062 - "GET /dishes/ HTTP/1.1" 200 OK
INFO:     127.0.0.1:55062 - "OPTIONS /dishes/ HTTP/1.1" 200 OK
INFO:     127.0.0.1:55096 - "POST /dishes/ HTTP/1.1" 200 OK
INFO:     127.0.0.1:55096 - "GET /dishes/ HTTP/1.1" 200 OK
INFO:     127.0.0.1:55096 - "GET /users/ HTTP/1.1" 200 OK
INFO:     127.0.0.1:55062 - "GET /products/ HTTP/1.1" 200 OK
INFO:     127.0.0.1:55096 - "GET /products/ HTTP/1.1" 200 OK
INFO:     127.0.0.1:55086 - "GET /dishes/ HTTP/1.1" 200 OK
INFO:     127.0.0.1:52264 - "GET /users/ HTTP/1.1" 200 OK
INFO:     127.0.0.1:55062 - "GET /logs/2026-02-09?user_id=1 HTTP/1.1" 200 OK
INFO:     127.0.0.1:55096 - "GET /dishes/ HTTP/1.1" 200 OK
INFO:     127.0.0.1:55096 - "OPTIONS /logs/ HTTP/1.1" 200 OK
INFO:     127.0.0.1:55062 - "POST /logs/ HTTP/1.1" 200 OK
INFO:     127.0.0.1:55062 - "GET /logs/2026-02-09?user_id=1 HTTP/1.1" 200 OK
